23/04/2013 15:34:22 - New match 11348965 has started
23/04/2013 15:36:04 - Roman killed Nick using M16
23/04/2013 15:36:33 - <WORLD> killed Nick by DROWN
23/04/2013 15:39:22 - Match 11348965 has ended



23/04/2013 15:34:22 - New match 11348966 has started
23/04/2013 15:37:04 - Diego killed Adrian using Glock
23/04/2013 15:37:04 - Diego killed Adrian using Glock
23/04/2013 15:37:04 - Diego killed Adrian using Glock
23/04/2013 15:37:06 - Diego killed Adrian using Glock
23/04/2013 15:37:10 - Diego killed Adrian using Glock
23/04/2013 15:36:33 - <WORLD> killed Adrian by DROWN
23/04/2013 15:39:22 - Match 11348966 has ended



23/04/2013 18:34:22 - New match 11348967 has started
23/04/2013 18:36:04 - Diego killed Adrian using M16
23/04/2013 18:38:14 - Diego killed David using M16
23/04/2013 18:38:34 - Daniel killed Diego using AWP
23/04/2013 18:38:53 - Jonas killed Daniel using Glock
23/04/2013 18:39:04 - Jonas killed John using M16
23/04/2013 18:39:04 - Jonas killed Adrian using M16
23/04/2013 18:39:33 - <WORLD> killed Jonas by DROWN
23/04/2013 18:39:34 - Match 11348967 has ended



23/04/2013 18:34:52 - New match 11348968 has started
23/04/2013 18:35:34 - Ana killed Sonia using AWP
23/04/2013 18:35:45 - Ana killed Carla using AWP
23/04/2013 18:36:04 - Ana killed Daniela using M16
23/04/2013 18:36:33 - <WORLD> killed Ana by DROWN
23/04/2013 18:36:48 - Camila killed Ana using AWP
23/04/2013 18:37:33 - <WORLD> killed Camila by DROWN
23/04/2013 18:37:34 - Match 11348968 has ended